\BOOKMARK [1][-]{chapter*.7}{INTRODUCCI\323N}{}% 1
\BOOKMARK [0][-]{chapter.1}{PLANTEAMIENTO DEL PROBLEMA}{}% 2
\BOOKMARK [1][-]{section.1.1}{Descripci\363n de la situaci\363n problem\341tica}{chapter.1}% 3
\BOOKMARK [1][-]{section.1.2}{Formulaci\363n del problema}{chapter.1}% 4
\BOOKMARK [2][-]{subsection.1.2.1}{Problema General}{section.1.2}% 5
\BOOKMARK [2][-]{subsection.1.2.2}{Problemas Espec\355ficos}{section.1.2}% 6
\BOOKMARK [1][-]{section.1.3}{Objetivos de la investigaci\363n}{chapter.1}% 7
\BOOKMARK [2][-]{subsection.1.3.1}{Objetivos General}{section.1.3}% 8
\BOOKMARK [2][-]{subsection.1.3.2}{Objetivos Espec\355ficos}{section.1.3}% 9
\BOOKMARK [1][-]{section.1.4}{Justificaci\363n, alcances y limitaciones de la investigaci\363n}{chapter.1}% 10
\BOOKMARK [0][-]{chapter.2}{MARCO TE\323RICO CONCEPTUAL}{}% 11
\BOOKMARK [1][-]{section.2.1}{Antecedentes}{chapter.2}% 12
\BOOKMARK [1][-]{section.2.2}{Bases Te\363ricas}{chapter.2}% 13
\BOOKMARK [2][-]{subsection.2.2.1}{Bases Te\363ricas Generales}{section.2.2}% 14
\BOOKMARK [2][-]{subsection.2.2.2}{Bases Te\363ricas Estad\355sticas}{section.2.2}% 15
\BOOKMARK [1][-]{section.2.3}{Enfoque te\363rico conceptual asumido por el investigador}{chapter.2}% 16
\BOOKMARK [2][-]{subsection.2.3.1}{Determinaci\363n del vector de pesos}{section.2.3}% 17
\BOOKMARK [2][-]{subsection.2.3.2}{Estimaci\363n de la prevalencia}{section.2.3}% 18
\BOOKMARK [2][-]{subsection.2.3.3}{Factor de correcci\363n en estudios de casos y controles}{section.2.3}% 19
\BOOKMARK [2][-]{subsection.2.3.4}{Consideraciones para la simulaci\363n}{section.2.3}% 20
\BOOKMARK [1][-]{section.2.4}{Marco legal}{chapter.2}% 21
\BOOKMARK [1][-]{section.2.5}{Hip\363tesis}{chapter.2}% 22
\BOOKMARK [2][-]{subsection.2.5.1}{Hip\363tesis General}{section.2.5}% 23
\BOOKMARK [2][-]{subsection.2.5.2}{Hip\363tesis Espec\355ficas}{section.2.5}% 24
\BOOKMARK [0][-]{chapter.3}{MARCO METODOL\323GICO}{}% 25
\BOOKMARK [1][-]{section.3.1}{Tipo, nivel y dise\361o de la investigaci\363n}{chapter.3}% 26
\BOOKMARK [1][-]{section.3.2}{Poblaci\363n, muestra y tama\361o de muestra}{chapter.3}% 27
\BOOKMARK [1][-]{section.3.3}{T\351cnicas de an\341lisis e instrumentos}{chapter.3}% 28
\BOOKMARK [2][-]{subsection.3.3.1}{An\341lisis de datos}{section.3.3}% 29
\BOOKMARK [2][-]{subsection.3.3.2}{Instrumentos de medici\363n}{section.3.3}% 30
\BOOKMARK [1][-]{section.3.4}{Cuadro de operacionalizaci\363n de variables}{chapter.3}% 31
\BOOKMARK [1][-]{section.3.5}{Matriz de consistencia}{chapter.3}% 32
\BOOKMARK [0][-]{chapter.4}{AN\301LISIS Y RESULTADOS}{}% 33
\BOOKMARK [1][-]{section.4.1}{An\341lisis Exploratorio}{chapter.4}% 34
\BOOKMARK [2][-]{subsection.4.1.1}{An\341lisis de los factores de riesgo}{section.4.1}% 35
\BOOKMARK [2][-]{subsection.4.1.2}{An\341lisis de la intensidad}{section.4.1}% 36
\BOOKMARK [1][-]{section.4.2}{Simulaciones}{chapter.4}% 37
\BOOKMARK [1][-]{section.4.3}{Modelamiento}{chapter.4}% 38
\BOOKMARK [2][-]{subsection.4.3.1}{Intensidad}{section.4.3}% 39
\BOOKMARK [2][-]{subsection.4.3.2}{Riesgo}{section.4.3}% 40
\BOOKMARK [1][-]{section.4.4}{Infererencia}{chapter.4}% 41
\BOOKMARK [1][-]{section.4.5}{Implementaci\363n}{chapter.4}% 42
\BOOKMARK [0][-]{chapter.5}{CONCLUSIONES Y RECOMENDACIONES}{}% 43
\BOOKMARK [1][-]{section.5.1}{Conclusiones}{chapter.5}% 44
\BOOKMARK [1][-]{section.5.2}{Recomendaciones}{chapter.5}% 45
\BOOKMARK [0][-]{chapter*.65}{REFERENCIA BIBLIOGR\301FICA}{}% 46
\BOOKMARK [0][-]{section*.66}{Anexos}{}% 47
\BOOKMARK [0][-]{appendix.Alph1}{Aspectos legales}{}% 48
\BOOKMARK [0][-]{appendix.Alph2}{C\363digos empleados para el desarrollo de la tesis}{}% 49
